{
  "stats": {
    "suites": 1,
    "tests": 14,
    "passes": 14,
    "pending": 0,
    "failures": 0,
    "start": "2025-10-20T09:54:32.601Z",
    "end": "2025-10-20T09:54:35.329Z",
    "duration": 2728,
    "testsRegistered": 14,
    "passPercent": 100,
    "pendingPercent": 0,
    "other": 0,
    "hasOther": false,
    "skipped": 0,
    "hasSkipped": false
  },
  "results": [
    {
      "uuid": "359563a5-e878-4514-8cf0-4a86d91163be",
      "title": "",
      "fullFile": "/home/daniella/development/backend/test/api.test.js",
      "file": "/test/api.test.js",
      "beforeHooks": [],
      "afterHooks": [],
      "tests": [],
      "suites": [
        {
          "uuid": "dbecc027-6910-4e28-9270-0e2d13d106a6",
          "title": "DannyShoes Full API Tests",
          "fullFile": "/home/daniella/development/backend/test/api.test.js",
          "file": "/test/api.test.js",
          "beforeHooks": [],
          "afterHooks": [],
          "tests": [
            {
              "title": "POST /products",
              "fullTitle": "DannyShoes Full API Tests POST /products",
              "timedOut": false,
              "duration": 469,
              "state": "passed",
              "speed": "slow",
              "pass": true,
              "fail": false,
              "pending": false,
              "context": null,
              "code": "const res = await request(app).post(\"/products\").send({ name: \"Blazer\", price: 120 });\nexpect(res.status).to.equal(201);\nexpect(res.body).to.have.property(\"productId\");\ncreatedProductId = res.body.productId;",
              "err": {},
              "uuid": "604703c2-c883-4ddb-bc51-ee9d7db0fe4f",
              "parentUUID": "dbecc027-6910-4e28-9270-0e2d13d106a6",
              "isHook": false,
              "skipped": false
            },
            {
              "title": "GET /products",
              "fullTitle": "DannyShoes Full API Tests GET /products",
              "timedOut": false,
              "duration": 120,
              "state": "passed",
              "speed": "slow",
              "pass": true,
              "fail": false,
              "pending": false,
              "context": null,
              "code": "const res = await request(app).get(\"/products\");\nexpect(res.status).to.equal(200);\nexpect(res.body.some(p => p._id === createdProductId)).to.be.true;",
              "err": {},
              "uuid": "5b5eb831-ba60-46fb-9045-a7fc04ac4b0b",
              "parentUUID": "dbecc027-6910-4e28-9270-0e2d13d106a6",
              "isHook": false,
              "skipped": false
            },
            {
              "title": "POST /orders",
              "fullTitle": "DannyShoes Full API Tests POST /orders",
              "timedOut": false,
              "duration": 70,
              "state": "passed",
              "speed": "medium",
              "pass": true,
              "fail": false,
              "pending": false,
              "context": null,
              "code": "const res = await request(app).post(\"/orders\").send({\n  userId: \"test-user\",\n  items: [{ productId: createdProductId, quantity: 2 }],\n  total: 240,\n  shippingAddress: \"123 Street\"\n});\nexpect(res.status).to.equal(201);\nexpect(res.body).to.have.property(\"orderId\");\ncreatedOrderId = res.body.orderId;",
              "err": {},
              "uuid": "a3380c07-6fa7-4988-b71b-362c2b7f5bfe",
              "parentUUID": "dbecc027-6910-4e28-9270-0e2d13d106a6",
              "isHook": false,
              "skipped": false
            },
            {
              "title": "GET /orders",
              "fullTitle": "DannyShoes Full API Tests GET /orders",
              "timedOut": false,
              "duration": 58,
              "state": "passed",
              "speed": "medium",
              "pass": true,
              "fail": false,
              "pending": false,
              "context": null,
              "code": "const res = await request(app).get(\"/orders\");\nexpect(res.status).to.equal(200);\nexpect(res.body.length).to.be.greaterThan(0);",
              "err": {},
              "uuid": "fa1a0824-8fc2-4849-ab8b-555eff846623",
              "parentUUID": "dbecc027-6910-4e28-9270-0e2d13d106a6",
              "isHook": false,
              "skipped": false
            },
            {
              "title": "POST /carts",
              "fullTitle": "DannyShoes Full API Tests POST /carts",
              "timedOut": false,
              "duration": 83,
              "state": "passed",
              "speed": "slow",
              "pass": true,
              "fail": false,
              "pending": false,
              "context": null,
              "code": "const res = await request(app).post(\"/carts\").send({ userId: \"test-user\", productId: createdProductId, quantity: 1 });\nexpect(res.status).to.equal(200);",
              "err": {},
              "uuid": "c8b230b6-e33f-4f69-833d-d128f57d31ef",
              "parentUUID": "dbecc027-6910-4e28-9270-0e2d13d106a6",
              "isHook": false,
              "skipped": false
            },
            {
              "title": "GET /carts",
              "fullTitle": "DannyShoes Full API Tests GET /carts",
              "timedOut": false,
              "duration": 78,
              "state": "passed",
              "speed": "slow",
              "pass": true,
              "fail": false,
              "pending": false,
              "context": null,
              "code": "const res = await request(app).get(\"/carts\");\nexpect(res.status).to.equal(200);",
              "err": {},
              "uuid": "612d6a80-8459-43a7-b76d-df93e777ddd0",
              "parentUUID": "dbecc027-6910-4e28-9270-0e2d13d106a6",
              "isHook": false,
              "skipped": false
            },
            {
              "title": "POST /wishlist",
              "fullTitle": "DannyShoes Full API Tests POST /wishlist",
              "timedOut": false,
              "duration": 408,
              "state": "passed",
              "speed": "slow",
              "pass": true,
              "fail": false,
              "pending": false,
              "context": null,
              "code": "const res = await request(app).post(\"/wishlist\").send({ userId: \"test-user\", productId: createdProductId });\nexpect(res.status).to.equal(200);",
              "err": {},
              "uuid": "c4a57141-5523-4177-a2d6-ffaeafe06885",
              "parentUUID": "dbecc027-6910-4e28-9270-0e2d13d106a6",
              "isHook": false,
              "skipped": false
            },
            {
              "title": "GET /wishlist/:userId",
              "fullTitle": "DannyShoes Full API Tests GET /wishlist/:userId",
              "timedOut": false,
              "duration": 248,
              "state": "passed",
              "speed": "slow",
              "pass": true,
              "fail": false,
              "pending": false,
              "context": null,
              "code": "const res = await request(app).get(\"/wishlist/test-user\");\nexpect(res.status).to.equal(200);",
              "err": {},
              "uuid": "821a1d3f-a98c-4e8a-8cbe-72d3c1284cbe",
              "parentUUID": "dbecc027-6910-4e28-9270-0e2d13d106a6",
              "isHook": false,
              "skipped": false
            },
            {
              "title": "POST /shipping",
              "fullTitle": "DannyShoes Full API Tests POST /shipping",
              "timedOut": false,
              "duration": 220,
              "state": "passed",
              "speed": "slow",
              "pass": true,
              "fail": false,
              "pending": false,
              "context": null,
              "code": "const res = await request(app).post(\"/shipping\").send({ userId: \"test-user\", address: \"123 Street\", city: \"City\", postalCode: \"0000\", country: \"Country\" });\nexpect(res.status).to.equal(200);",
              "err": {},
              "uuid": "d0ac1e07-fd79-4cf4-9fe6-c5d7469423bd",
              "parentUUID": "dbecc027-6910-4e28-9270-0e2d13d106a6",
              "isHook": false,
              "skipped": false
            },
            {
              "title": "GET /shipping/:userId",
              "fullTitle": "DannyShoes Full API Tests GET /shipping/:userId",
              "timedOut": false,
              "duration": 87,
              "state": "passed",
              "speed": "slow",
              "pass": true,
              "fail": false,
              "pending": false,
              "context": null,
              "code": "const res = await request(app).get(\"/shipping/test-user\");\nexpect(res.status).to.equal(200);",
              "err": {},
              "uuid": "57c48cba-b4ed-45c0-9a31-83cca304b964",
              "parentUUID": "dbecc027-6910-4e28-9270-0e2d13d106a6",
              "isHook": false,
              "skipped": false
            },
            {
              "title": "POST /payments",
              "fullTitle": "DannyShoes Full API Tests POST /payments",
              "timedOut": false,
              "duration": 86,
              "state": "passed",
              "speed": "slow",
              "pass": true,
              "fail": false,
              "pending": false,
              "context": null,
              "code": "const res = await request(app).post(\"/payments\").send({ userId: \"test-user\", orderId: createdOrderId, amount: 240, method: \"card\" });\nexpect(res.status).to.equal(201);",
              "err": {},
              "uuid": "2c58b91b-821a-4c8b-9adf-a715aaecd211",
              "parentUUID": "dbecc027-6910-4e28-9270-0e2d13d106a6",
              "isHook": false,
              "skipped": false
            },
            {
              "title": "GET /payments/:userId",
              "fullTitle": "DannyShoes Full API Tests GET /payments/:userId",
              "timedOut": false,
              "duration": 396,
              "state": "passed",
              "speed": "slow",
              "pass": true,
              "fail": false,
              "pending": false,
              "context": null,
              "code": "const res = await request(app).get(\"/payments/test-user\");\nexpect(res.status).to.equal(200);",
              "err": {},
              "uuid": "a7653faa-c89a-4954-85bf-304e7fc327f4",
              "parentUUID": "dbecc027-6910-4e28-9270-0e2d13d106a6",
              "isHook": false,
              "skipped": false
            },
            {
              "title": "POST /categories",
              "fullTitle": "DannyShoes Full API Tests POST /categories",
              "timedOut": false,
              "duration": 291,
              "state": "passed",
              "speed": "slow",
              "pass": true,
              "fail": false,
              "pending": false,
              "context": null,
              "code": "const res = await request(app).post(\"/categories\").send({ name: \"Shoes\", description: \"All shoes\" });\nexpect(res.status).to.equal(201);",
              "err": {},
              "uuid": "08e1f126-9675-4dac-b245-a256081ab655",
              "parentUUID": "dbecc027-6910-4e28-9270-0e2d13d106a6",
              "isHook": false,
              "skipped": false
            },
            {
              "title": "GET /categories",
              "fullTitle": "DannyShoes Full API Tests GET /categories",
              "timedOut": false,
              "duration": 88,
              "state": "passed",
              "speed": "slow",
              "pass": true,
              "fail": false,
              "pending": false,
              "context": null,
              "code": "const res = await request(app).get(\"/categories\");\nexpect(res.status).to.equal(200);",
              "err": {},
              "uuid": "53962eca-899b-40af-8fce-0d2382c9d366",
              "parentUUID": "dbecc027-6910-4e28-9270-0e2d13d106a6",
              "isHook": false,
              "skipped": false
            }
          ],
          "suites": [],
          "passes": [
            "604703c2-c883-4ddb-bc51-ee9d7db0fe4f",
            "5b5eb831-ba60-46fb-9045-a7fc04ac4b0b",
            "a3380c07-6fa7-4988-b71b-362c2b7f5bfe",
            "fa1a0824-8fc2-4849-ab8b-555eff846623",
            "c8b230b6-e33f-4f69-833d-d128f57d31ef",
            "612d6a80-8459-43a7-b76d-df93e777ddd0",
            "c4a57141-5523-4177-a2d6-ffaeafe06885",
            "821a1d3f-a98c-4e8a-8cbe-72d3c1284cbe",
            "d0ac1e07-fd79-4cf4-9fe6-c5d7469423bd",
            "57c48cba-b4ed-45c0-9a31-83cca304b964",
            "2c58b91b-821a-4c8b-9adf-a715aaecd211",
            "a7653faa-c89a-4954-85bf-304e7fc327f4",
            "08e1f126-9675-4dac-b245-a256081ab655",
            "53962eca-899b-40af-8fce-0d2382c9d366"
          ],
          "failures": [],
          "pending": [],
          "skipped": [],
          "duration": 2702,
          "root": false,
          "rootEmpty": false,
          "_timeout": 20000
        }
      ],
      "passes": [],
      "failures": [],
      "pending": [],
      "skipped": [],
      "duration": 0,
      "root": true,
      "rootEmpty": true,
      "_timeout": 10000
    }
  ],
  "meta": {
    "mocha": {
      "version": "11.7.4"
    },
    "mochawesome": {
      "options": {
        "quiet": false,
        "reportFilename": "mochawesome",
        "saveHtml": true,
        "saveJson": true,
        "consoleReporter": "spec",
        "useInlineDiffs": false,
        "code": true
      },
      "version": "7.1.4"
    },
    "marge": {
      "options": null,
      "version": "6.3.0"
    }
  }
}